<?xml version="1.0" encoding="UTF-8"?>
<!-- Generated by org.testng.reporters.JUnitReportReporter -->
<testsuite hostname="LAPTOP-6EQ6A31H" failures="0" tests="1" name="selenium_training.TestNg_Patameter" time="0.091" errors="0" timestamp="12 Apr 2021 12:07:08 GMT" skipped="0">
  <testcase classname="selenium_training.TestNg_Patameter" name="parameterTest" time="0.091"/>
</testsuite> <!-- selenium_training.TestNg_Patameter -->
